<?xml version="1.0" encoding="UTF-8"?>
<testng-results skipped="0" failed="0" ignored="0" total="2" passed="2">
  <reporter-output>
  </reporter-output>
  <suite name="Default suite" duration-ms="10734" started-at="2018-07-15T19:59:03Z" finished-at="2018-07-15T19:59:14Z">
    <groups>
    </groups>
    <test name="Default test" duration-ms="10734" started-at="2018-07-15T19:59:03Z" finished-at="2018-07-15T19:59:14Z">
      <class name="RadioButton">
        <test-method status="PASS" signature="funWithYahooPage()[pri:1, instance:RadioButton@5b275dab]" name="funWithYahooPage" duration-ms="10599" started-at="2018-07-15T12:59:03Z" finished-at="2018-07-15T12:59:14Z">
          <reporter-output>
          </reporter-output>
        </test-method> <!-- funWithYahooPage -->
        <test-method status="PASS" signature="totalRadioButtons()[pri:2, instance:RadioButton@5b275dab]" name="totalRadioButtons" duration-ms="113" started-at="2018-07-15T12:59:14Z" finished-at="2018-07-15T12:59:14Z">
          <reporter-output>
          </reporter-output>
        </test-method> <!-- totalRadioButtons -->
      </class> <!-- RadioButton -->
    </test> <!-- Default test -->
  </suite> <!-- Default suite -->
</testng-results>
